<?xml version="1.0" encoding="UTF-8"?>
<!-- Generated by org.testng.reporters.JUnitXMLReporter -->
<testsuite ignored="3" hostname="HYD-LTUB019" failures="0" tests="1" name="non test" time="0.003" errors="0" timestamp="2023-09-15T12:33:23 IST">
  <testcase classname="MeitySelenium.main" name="a" time="0.001"/>
  <testcase classname="MeitySelenium.main" name="c" time="0.0">
    <ignored/>
  </testcase> <!-- c -->
  <testcase classname="MeitySelenium.main" name="b" time="0.0">
    <ignored/>
  </testcase> <!-- b -->
  <testcase classname="MeitySelenium.main" name="d" time="0.0">
    <ignored/>
  </testcase> <!-- d -->
</testsuite> <!-- non test -->
