<?xml version="1.0" encoding="UTF-8"?>
<testng-results ignored="0" total="2" passed="2" failed="0" skipped="0">
  <reporter-output>
  </reporter-output>
  <suite started-at="2023-09-28T11:29:34 IST" name="Default suite" finished-at="2023-09-28T11:29:59 IST" duration-ms="25220">
    <groups>
    </groups>
    <test started-at="2023-09-28T11:29:34 IST" name="Default test" finished-at="2023-09-28T11:29:59 IST" duration-ms="25220">
      <class name="MeitySelenium.challenge">
        <test-method is-config="true" signature="browserHIt()[pri:0, instance:MeitySelenium.challenge@67f639d3]" started-at="2023-09-28T11:29:34 IST" name="browserHIt" finished-at="2023-09-28T11:29:38 IST" duration-ms="4268" status="PASS">
          <reporter-output>
          </reporter-output>
        </test-method> <!-- browserHIt -->
        <test-method signature="atchalle()[pri:0, instance:MeitySelenium.challenge@67f639d3]" started-at="2023-09-28T11:29:38 IST" name="atchalle" finished-at="2023-09-28T11:29:49 IST" duration-ms="10126" status="PASS">
          <reporter-output>
          </reporter-output>
        </test-method> <!-- atchalle -->
        <test-method signature="companydetails()[pri:0, instance:MeitySelenium.challenge@67f639d3]" started-at="2023-09-28T11:29:49 IST" name="companydetails" finished-at="2023-09-28T11:29:59 IST" duration-ms="10772" status="PASS">
          <reporter-output>
          </reporter-output>
        </test-method> <!-- companydetails -->
      </class> <!-- MeitySelenium.challenge -->
    </test> <!-- Default test -->
  </suite> <!-- Default suite -->
</testng-results>
